[debug] [2022-02-17T09:09:16.149Z] ----------------------------------------------------------------------
[debug] [2022-02-17T09:09:16.152Z] Command:       /usr/local/bin/node /Users/Timee/.npm-global/bin/firebase init
[debug] [2022-02-17T09:09:16.152Z] CLI Version:   10.1.2
[debug] [2022-02-17T09:09:16.152Z] Platform:      darwin
[debug] [2022-02-17T09:09:16.152Z] Node Version:  v14.4.0
[debug] [2022-02-17T09:09:16.153Z] Time:          Thu Feb 17 2022 17:09:16 GMT+0800 (Singapore Standard Time)
[debug] [2022-02-17T09:09:16.153Z] ----------------------------------------------------------------------
[debug] 
[debug] [2022-02-17T09:09:16.161Z] > command requires scopes: ["email","openid","https://www.googleapis.com/auth/cloudplatformprojects.readonly","https://www.googleapis.com/auth/firebase","https://www.googleapis.com/auth/cloud-platform"]
[debug] [2022-02-17T09:09:16.161Z] > authorizing via signed-in user (kcloft.id@gmail.com)
[info] 
     ######## #### ########  ######## ########     ###     ######  ########
     ##        ##  ##     ## ##       ##     ##  ##   ##  ##       ##
     ######    ##  ########  ######   ########  #########  ######  ######
     ##        ##  ##    ##  ##       ##     ## ##     ##       ## ##
     ##       #### ##     ## ######## ########  ##     ##  ######  ########

You're about to initialize a Firebase project in this directory:

  /Users/Timee/Documents/websites/kcloft

[info] 
=== Project Setup
[info] 
[info] First, let's associate this project directory with a Firebase project.
[info] You can create multiple project aliases by running firebase use --add, 
[info] but for now we'll just set up a default project.
[info] 
[debug] [2022-02-17T09:09:42.645Z] >>> [apiv2][query] GET https://firebase.googleapis.com/v1beta1/projects pageSize=100
[debug] [2022-02-17T09:09:43.384Z] <<< [apiv2][status] GET https://firebase.googleapis.com/v1beta1/projects 200
[debug] [2022-02-17T09:09:43.384Z] <<< [apiv2][body] GET https://firebase.googleapis.com/v1beta1/projects [omitted]
[info] i  Using project kcloft-336808 (kcloft) 
[info] 
=== Hosting Setup
[info] 
[info] Your public directory is the folder (relative to your project directory) that
[info] will contain Hosting assets to be uploaded with firebase deploy. If you
[info] have a build process for your assets, use your build's output directory.
[info] 
